{
  "RSpec": {
    "coverage": {
      "/home/felixlin/ohtu-miniproj-farssi/app/models/field.rb": [
        1,
        1,
        null
      ],
      "/home/felixlin/ohtu-miniproj-farssi/app/helpers/application_helper.rb": [
        1,
        null
      ],
      "/home/felixlin/ohtu-miniproj-farssi/app/helpers/entries_helper.rb": [
        1,
        null
      ],
      "/home/felixlin/ohtu-miniproj-farssi/app/helpers/fields_helper.rb": [
        1,
        null
      ],
      "/home/felixlin/ohtu-miniproj-farssi/app/controllers/entries_controller.rb": [
        1,
        1,
        null,
        null,
        null,
        null,
        1,
        3,
        null,
        null,
        null,
        null,
        1,
        null,
        null,
        null,
        1,
        0,
        null,
        null,
        1,
        2,
        2,
        null,
        null,
        null,
        1,
        null,
        null,
        null,
        null,
        1,
        2,
        null,
        2,
        2,
        2,
        1,
        null,
        1,
        2,
        1,
        null,
        null,
        null,
        null,
        null,
        null,
        1,
        0,
        0,
        0,
        0,
        null,
        0,
        0,
        null,
        null,
        null,
        null,
        null,
        null,
        1,
        1,
        1,
        2,
        1,
        null,
        null,
        null,
        1,
        null,
        1,
        2,
        2,
        null,
        2,
        2,
        null,
        null,
        null,
        null,
        10,
        10,
        1,
        null,
        10,
        10,
        null,
        2,
        2,
        10,
        10,
        null,
        2,
        1,
        null,
        2,
        null,
        null,
        1,
        null,
        null,
        null,
        null,
        null,
        null,
        null,
        null,
        null,
        null,
        null,
        null,
        null,
        null,
        null,
        null,
        null,
        null,
        null,
        null,
        null,
        null,
        null,
        null,
        null,
        null,
        null,
        null,
        null,
        null,
        null,
        null,
        null,
        null,
        null,
        null,
        null,
        null,
        null,
        null,
        null,
        null,
        null,
        null,
        null,
        null,
        null,
        null,
        null,
        null,
        null,
        null,
        null,
        5,
        null,
        null,
        null,
        1,
        3,
        null,
        null,
        null,
        1,
        null,
        null,
        null,
        null
      ],
      "/home/felixlin/ohtu-miniproj-farssi/app/controllers/application_controller.rb": [
        1,
        null,
        null,
        1,
        null
      ],
      "/home/felixlin/ohtu-miniproj-farssi/app/controllers/fields_controller.rb": [
        1,
        1,
        null,
        null,
        null,
        1,
        3,
        null,
        null,
        null,
        null,
        1,
        null,
        null,
        null,
        1,
        0,
        null,
        null,
        null,
        1,
        null,
        null,
        null,
        null,
        1,
        1,
        null,
        1,
        1,
        2,
        1,
        null,
        0,
        0,
        null,
        null,
        null,
        null,
        null,
        null,
        1,
        1,
        1,
        2,
        1,
        null,
        0,
        0,
        null,
        null,
        null,
        null,
        null,
        null,
        1,
        1,
        1,
        2,
        1,
        null,
        null,
        null,
        1,
        null,
        1,
        4,
        null,
        null,
        null,
        1,
        2,
        null,
        null
      ],
      "/home/felixlin/ohtu-miniproj-farssi/app/models/entry.rb": [
        1,
        1,
        null
      ]
    },
    "timestamp": 1430122664
  }
}
